faster-whisper not installed. Install for local offline transcription.
faster-whisper not installed. Install for local offline transcription.
2026-02-22 23:36:14,184 - app.bot.middleware - INFO - Bot middleware configured with 300s FSM timeout
2026-02-22 23:36:14,184 - __main__ - INFO - Starting Bot in POLLING mode...
2026-02-22 23:36:14,403 - aiogram.dispatcher - INFO - Start polling
2026-02-22 23:36:14,447 - aiogram.dispatcher - INFO - Run polling for bot @crms_god_bot id=8558216907 - 'CRM system'
2026-02-22 23:36:52,045 - aiogram.event - INFO - Update id=947467848 is handled. Duration 191 ms by bot id=8558216907
2026-02-22 23:36:52,744 - app.bot.handlers - ERROR - API GET /api/v1/leads error: All connection attempts failed
2026-02-22 23:36:52,807 - aiogram.event - INFO - Update id=947467849 is handled. Duration 135 ms by bot id=8558216907
2026-02-22 23:37:00,342 - aiogram.event - INFO - Update id=947467850 is handled. Duration 86 ms by bot id=8558216907
2026-02-22 23:37:01,988 - aiogram.event - INFO - Update id=947467851 is handled. Duration 118 ms by bot id=8558216907
2026-02-22 23:37:39,553 - aiogram.event - INFO - Update id=947467852 is handled. Duration 185 ms by bot id=8558216907
2026-02-22 23:37:56,431 - aiogram.event - INFO - Update id=947467853 is handled. Duration 166 ms by bot id=8558216907
2026-02-22 23:37:57,874 - aiogram.event - INFO - Update id=947467854 is handled. Duration 76 ms by bot id=8558216907
2026-02-22 23:37:58,795 - aiogram.event - INFO - Update id=947467855 is handled. Duration 74 ms by bot id=8558216907
2026-02-22 23:37:59,623 - aiogram.event - INFO - Update id=947467856 is handled. Duration 85 ms by bot id=8558216907
2026-02-22 23:38:00,533 - aiogram.event - INFO - Update id=947467857 is handled. Duration 70 ms by bot id=8558216907
2026-02-22 23:38:01,254 - aiogram.event - INFO - Update id=947467858 is handled. Duration 75 ms by bot id=8558216907
2026-02-22 23:38:03,543 - aiogram.event - INFO - Update id=947467859 is handled. Duration 76 ms by bot id=8558216907
2026-02-22 23:38:04,982 - app.bot.handlers - ERROR - API GET /api/v1/leads error: All connection attempts failed
2026-02-22 23:38:05,112 - aiogram.event - INFO - Update id=947467860 is handled. Duration 250 ms by bot id=8558216907
2026-02-22 23:38:06,752 - aiogram.event - INFO - Update id=947467861 is handled. Duration 151 ms by bot id=8558216907
2026-02-22 23:38:07,832 - aiogram.event - INFO - Update id=947467862 is handled. Duration 67 ms by bot id=8558216907
2026-02-22 23:38:09,093 - aiogram.event - INFO - Update id=947467863 is handled. Duration 296 ms by bot id=8558216907
2026-02-22 23:38:12,526 - aiogram.event - INFO - Update id=947467864 is handled. Duration 81 ms by bot id=8558216907
2026-02-22 23:38:30,254 - aiogram.event - INFO - Update id=947467865 is handled. Duration 174 ms by bot id=8558216907
2026-02-22 23:38:35,146 - aiogram.event - INFO - Update id=947467866 is handled. Duration 76 ms by bot id=8558216907
2026-02-22 23:38:40,165 - aiogram.event - INFO - Update id=947467867 is handled. Duration 71 ms by bot id=8558216907
2026-02-22 23:38:43,421 - aiogram.event - INFO - Update id=947467868 is handled. Duration 80 ms by bot id=8558216907
2026-02-22 23:38:45,692 - aiogram.event - INFO - Update id=947467869 is handled. Duration 362 ms by bot id=8558216907
2026-02-22 23:38:49,173 - aiogram.event - INFO - Update id=947467870 is handled. Duration 148 ms by bot id=8558216907
2026-02-22 23:38:54,186 - aiogram.event - INFO - Update id=947467871 is handled. Duration 97 ms by bot id=8558216907
2026-02-22 23:38:55,604 - app.bot.handlers - ERROR - API POST /api/v1/leads error: All connection attempts failed
2026-02-22 23:38:55,778 - aiogram.event - INFO - Update id=947467872 is handled. Duration 266 ms by bot id=8558216907
2026-02-22 23:39:08,629 - aiogram.event - INFO - Update id=947467873 is handled. Duration 72 ms by bot id=8558216907
2026-02-22 23:39:09,964 - aiogram.event - INFO - Update id=947467874 is handled. Duration 76 ms by bot id=8558216907
2026-02-22 23:39:12,022 - aiogram.event - INFO - Update id=947467875 is handled. Duration 71 ms by bot id=8558216907
2026-02-22 23:39:18,336 - aiogram.event - INFO - Update id=947467876 is handled. Duration 70 ms by bot id=8558216907
2026-02-22 23:39:19,152 - aiogram.event - INFO - Update id=947467877 is handled. Duration 73 ms by bot id=8558216907
2026-02-22 23:39:19,891 - aiogram.event - INFO - Update id=947467878 is handled. Duration 70 ms by bot id=8558216907
2026-02-22 23:39:20,915 - aiogram.event - INFO - Update id=947467879 is handled. Duration 70 ms by bot id=8558216907
2026-02-22 23:39:21,546 - aiogram.event - INFO - Update id=947467880 is handled. Duration 77 ms by bot id=8558216907
2026-02-22 23:39:22,952 - aiogram.event - INFO - Update id=947467881 is handled. Duration 128 ms by bot id=8558216907
2026-02-22 23:39:23,784 - aiogram.event - INFO - Update id=947467882 is handled. Duration 73 ms by bot id=8558216907
2026-02-22 23:39:24,616 - aiogram.event - INFO - Update id=947467883 is handled. Duration 74 ms by bot id=8558216907
2026-02-22 23:40:03,031 - aiogram.event - INFO - Update id=947467884 is handled. Duration 175 ms by bot id=8558216907
